<?xml version="1.0" encoding="UTF-8"?>
<!-- Generated by org.testng.reporters.JUnitReportReporter -->
<testsuite hostname="DESKTOP-VJDPDQH" failures="0" tests="1" name="runnerr.tr" time="102.068" errors="0" timestamp="3 Nov 2023 11:22:36 GMT">
  <testcase classname="runnerr.tr" name="runScenario" time="102.068"/>
</testsuite> <!-- runnerr.tr -->
